Using pre-set license
Built from '2022.1/staging' branch; Version is '2022.1.4f1 (76dd1f94b339) revision 7789855'; Using compiler version '192829333'; Build Type 'Release'
OS: 'Windows 10  (10.0.19044) 64bit Enterprise' Language: 'en' Physical Memory: 32512 MB
BatchMode: 1, IsHumanControllingUs: 0, StartBugReporterOnCrash: 0, Is64bit: 1, IsPro: 1

COMMAND LINE ARGUMENTS:
C:\Program Files\Unity 2022.1.4f1\Editor\Unity.exe
-adb2
-batchMode
-noUpm
-name
AssetImportWorker4
-projectPath
D:/Rapid-Games-Prototyping
-logFile
Logs/AssetImportWorker4.log
-srvPort
55480
Successfully changed project path to: D:/Rapid-Games-Prototyping
D:/Rapid-Games-Prototyping
[UnityMemory] Configuration Parameters - Can be set up in boot.config
    "memorysetup-bucket-allocator-granularity=16"
    "memorysetup-bucket-allocator-bucket-count=8"
    "memorysetup-bucket-allocator-block-size=33554432"
    "memorysetup-bucket-allocator-block-count=8"
    "memorysetup-main-allocator-block-size=16777216"
    "memorysetup-thread-allocator-block-size=16777216"
    "memorysetup-gfx-main-allocator-block-size=16777216"
    "memorysetup-gfx-thread-allocator-block-size=16777216"
    "memorysetup-cache-allocator-block-size=4194304"
    "memorysetup-typetree-allocator-block-size=2097152"
    "memorysetup-profiler-bucket-allocator-granularity=16"
    "memorysetup-profiler-bucket-allocator-bucket-count=8"
    "memorysetup-profiler-bucket-allocator-block-size=33554432"
    "memorysetup-profiler-bucket-allocator-block-count=8"
    "memorysetup-profiler-allocator-block-size=16777216"
    "memorysetup-profiler-editor-allocator-block-size=1048576"
    "memorysetup-temp-allocator-size-main=16777216"
    "memorysetup-job-temp-allocator-block-size=2097152"
    "memorysetup-job-temp-allocator-block-size-background=1048576"
    "memorysetup-job-temp-allocator-reduction-small-platforms=262144"
    "memorysetup-temp-allocator-size-background-worker=32768"
    "memorysetup-temp-allocator-size-job-worker=262144"
    "memorysetup-temp-allocator-size-preload-manager=33554432"
    "memorysetup-temp-allocator-size-nav-mesh-worker=65536"
    "memorysetup-temp-allocator-size-audio-worker=65536"
    "memorysetup-temp-allocator-size-cloud-worker=32768"
    "memorysetup-temp-allocator-size-gi-baking-worker=262144"
    "memorysetup-temp-allocator-size-gfx=262144"
Refreshing native plugins compatible for Editor in 109.15 ms, found 4 plugins.
Preloading 0 native plugins for Editor in 0.00 ms.
Initialize engine version: 2022.1.4f1 (76dd1f94b339)
[Subsystems] Discovering subsystems at path C:/Program Files/Unity 2022.1.4f1/Editor/Data/Resources/UnitySubsystems
[Subsystems] Discovering subsystems at path D:/Rapid-Games-Prototyping/Assets
GfxDevice: creating device client; threaded=0; jobified=0
Direct3D:
    Version:  Direct3D 11.0 [level 11.1]
    Renderer: NVIDIA GeForce RTX 3080 (ID=0x2216)
    Vendor:   NVIDIA
    VRAM:     10067 MB
    Driver:   31.0.15.2802
Initialize mono
Mono path[0] = 'C:/Program Files/Unity 2022.1.4f1/Editor/Data/Managed'
Mono path[1] = 'C:/Program Files/Unity 2022.1.4f1/Editor/Data/MonoBleedingEdge/lib/mono/unityjit-win32'
Mono config path = 'C:/Program Files/Unity 2022.1.4f1/Editor/Data/MonoBleedingEdge/etc'
Using monoOptions --debugger-agent=transport=dt_socket,embedding=1,server=y,suspend=n,address=127.0.0.1:56276
Begin MonoManager ReloadAssembly
Registering precompiled unity dll's ...
Register platform support module: C:/Program Files/Unity 2022.1.4f1/Editor/Data/PlaybackEngines/WebGLSupport/UnityEditor.WebGL.Extensions.dll
Register platform support module: C:/Program Files/Unity 2022.1.4f1/Editor/Data/PlaybackEngines/AndroidPlayer/UnityEditor.Android.Extensions.dll
Register platform support module: C:/Program Files/Unity 2022.1.4f1/Editor/Data/PlaybackEngines/WindowsStandaloneSupport/UnityEditor.WindowsStandalone.Extensions.dll
Registered in 0.004518 seconds.
Native extension for WindowsStandalone target not found
Native extension for Android target not found
Native extension for WebGL target not found
Refreshing native plugins compatible for Editor in 94.63 ms, found 4 plugins.
Preloading 0 native plugins for Editor in 0.00 ms.
Mono: successfully reloaded assembly
- Completed reload, in  0.504 seconds
Domain Reload Profiling:
	ReloadAssembly (504ms)
		BeginReloadAssembly (56ms)
			ExecutionOrderSort (0ms)
			DisableScriptedObjects (0ms)
			BackupInstance (0ms)
			ReleaseScriptingObjects (0ms)
			CreateAndSetChildDomain (1ms)
		EndReloadAssembly (371ms)
			LoadAssemblies (55ms)
			RebuildTransferFunctionScriptingTraits (0ms)
			SetupTypeCache (77ms)
				TypeCache.Initialize (76ms)
					TypeCache.ScanAssembly (75ms)
				ResolveRequiredComponents (0ms)
			ReleaseScriptCaches (0ms)
			RebuildScriptCaches (21ms)
			SetupLoadedEditorAssemblies (234ms)
				LogAssemblyErrors (0ms)
				InitializePlatformSupportModulesInManaged (31ms)
				SetLoadedEditorAssemblies (5ms)
				RefreshPlugins (95ms)
				BeforeProcessingInitializeOnLoad (1ms)
				ProcessInitializeOnLoadAttributes (74ms)
				ProcessInitializeOnLoadMethodAttributes (29ms)
				AfterProcessingInitializeOnLoad (0ms)
				EditorAssembliesLoaded (0ms)
			ExecutionOrderSort2 (0ms)
			AwakeInstancesAfterBackupRestoration (0ms)
Platform modules already initialized, skipping
Registering precompiled user dll's ...
Registered in 0.003574 seconds.
Begin MonoManager ReloadAssembly
Symbol file LoadedFromMemory doesn't match image D:\Rapid-Games-Prototyping\Library\PackageCache\com.unity.visualscripting@1.7.8\Editor\VisualScripting.Core\Dependencies\YamlDotNet\Unity.VisualScripting.YamlDotNet.dll
Symbol file LoadedFromMemory doesn't match image D:\Rapid-Games-Prototyping\Library\PackageCache\com.unity.visualscripting@1.7.8\Editor\VisualScripting.Core\Dependencies\DotNetZip\Unity.VisualScripting.IonicZip.dll
Native extension for WindowsStandalone target not found
Native extension for Android target not found
Native extension for WebGL target not found
Refreshing native plugins compatible for Editor in 106.13 ms, found 4 plugins.
Preloading 0 native plugins for Editor in 0.00 ms.
Mono: successfully reloaded assembly
- Completed reload, in  1.098 seconds
Domain Reload Profiling:
	ReloadAssembly (1099ms)
		BeginReloadAssembly (85ms)
			ExecutionOrderSort (0ms)
			DisableScriptedObjects (4ms)
			BackupInstance (0ms)
			ReleaseScriptingObjects (0ms)
			CreateAndSetChildDomain (16ms)
		EndReloadAssembly (933ms)
			LoadAssemblies (68ms)
			RebuildTransferFunctionScriptingTraits (0ms)
			SetupTypeCache (204ms)
				TypeCache.Initialize (195ms)
					TypeCache.ScanAssembly (192ms)
				ResolveRequiredComponents (9ms)
			ReleaseScriptCaches (1ms)
			RebuildScriptCaches (59ms)
			SetupLoadedEditorAssemblies (564ms)
				LogAssemblyErrors (0ms)
				InitializePlatformSupportModulesInManaged (10ms)
				SetLoadedEditorAssemblies (5ms)
				RefreshPlugins (106ms)
				BeforeProcessingInitializeOnLoad (102ms)
				ProcessInitializeOnLoadAttributes (267ms)
				ProcessInitializeOnLoadMethodAttributes (68ms)
				AfterProcessingInitializeOnLoad (6ms)
				EditorAssembliesLoaded (0ms)
			ExecutionOrderSort2 (0ms)
			AwakeInstancesAfterBackupRestoration (4ms)
Platform modules already initialized, skipping
========================================================================
Worker process is ready to serve import requests
Launched and connected shader compiler UnityShaderCompiler.exe after 0.04 seconds
Refreshing native plugins compatible for Editor in 1.57 ms, found 4 plugins.
Preloading 0 native plugins for Editor in 0.00 ms.
Unloading 6095 Unused Serialized files (Serialized files now loaded: 0)
Unloading 56 unused Assets / (416.4 KB). Loaded Objects now: 6553.
Memory consumption went from 0.94 GB to 0.94 GB.
Total: 3.479500 ms (FindLiveObjects: 0.467900 ms CreateObjectMapping: 0.263800 ms MarkObjects: 2.616300 ms  DeleteObjects: 0.130600 ms)

AssetImportParameters requested are different than current active one (requested -> active):
  custom:video-decoder-ogg-theora: a1e56fd34408186e4bbccfd4996cb3dc -> 
  custom:container-muxer-webm: aa71ff27fc2769a1b78a27578f13a17b -> 
  custom:container-demuxer-webm: 4f35f7cbe854078d1ac9338744f61a02 -> 
  custom:video-encoder-webm-vp8: eb34c28f22e8b96e1ab97ce403110664 -> 
  custom:audio-encoder-webm-vorbis: bf7c407c2cedff20999df2af8eb42d56 -> 
  custom:framework-win-MediaFoundation: 216162199b28c13a410421893ffa2e32 -> 
  custom:container-demuxer-ogg: 62fdf1f143b41e24485cea50d1cbac27 -> 
  custom:video-decoder-webm-vp8: 9c59270c3fd7afecdb556c50c9e8de78 -> 
  custom:audio-decoder-ogg-vorbis: bf7c407c2cedff20999df2af8eb42d56 -> 
========================================================================
Received Import Request.
  Time since last request: 294426.464663 seconds.
  path: Assets/Textures/Sprites/Character/Character_Right.png
  artifactKey: Guid(01c998a741c4eba45990b95dea2724f3) Importer(815301076,1909f56bfc062723c751e8b465ee728b)
Start importing Assets/Textures/Sprites/Character/Character_Right.png using Guid(01c998a741c4eba45990b95dea2724f3) Importer(815301076,1909f56bfc062723c751e8b465ee728b)  -> (artifact id: 'c076092338c8b45998b93ddc0e3b5cd6') in 0.103318 seconds 
========================================================================
Received Import Request.
  Time since last request: 0.233343 seconds.
  path: Assets/Textures/Sprites/Character/Character_RollDownLeft.png
  artifactKey: Guid(aa7e5327da45aac40bdb07f37294cc78) Importer(815301076,1909f56bfc062723c751e8b465ee728b)
Start importing Assets/Textures/Sprites/Character/Character_RollDownLeft.png using Guid(aa7e5327da45aac40bdb07f37294cc78) Importer(815301076,1909f56bfc062723c751e8b465ee728b)  -> (artifact id: '6c3ac710253a5e1649d745bc40db62b5') in 0.028596 seconds 
========================================================================
Received Import Request.
  Time since last request: 0.041170 seconds.
  path: Assets/Textures/Sprites/Character/Character_RollDownRight.png
  artifactKey: Guid(1f74e5191f9dfef4cb0618d892344771) Importer(815301076,1909f56bfc062723c751e8b465ee728b)
Start importing Assets/Textures/Sprites/Character/Character_RollDownRight.png using Guid(1f74e5191f9dfef4cb0618d892344771) Importer(815301076,1909f56bfc062723c751e8b465ee728b)  -> (artifact id: '23789354a10e594767169881a3aea15b') in 0.027581 seconds 
========================================================================
Received Import Request.
  Time since last request: 0.027837 seconds.
  path: Assets/Textures/Sprites/Character/Character_RollLeft.png
  artifactKey: Guid(ad173dbd28462f94d97136daf1ac0aeb) Importer(815301076,1909f56bfc062723c751e8b465ee728b)
Start importing Assets/Textures/Sprites/Character/Character_RollLeft.png using Guid(ad173dbd28462f94d97136daf1ac0aeb) Importer(815301076,1909f56bfc062723c751e8b465ee728b)  -> (artifact id: '5526d707dc94f37afafdf489bb4e686b') in 0.030790 seconds 
========================================================================
Received Import Request.
  Time since last request: 0.300171 seconds.
  path: Assets/Textures/Sprites/Character/Character_RollRight.png
  artifactKey: Guid(296b09cdaa3fcf84fb56816f5499841c) Importer(815301076,1909f56bfc062723c751e8b465ee728b)
Start importing Assets/Textures/Sprites/Character/Character_RollRight.png using Guid(296b09cdaa3fcf84fb56816f5499841c) Importer(815301076,1909f56bfc062723c751e8b465ee728b)  -> (artifact id: '90a3f0022efe27ac5d0a865cded09e7f') in 0.030137 seconds 
========================================================================
Received Import Request.
  Time since last request: 0.328761 seconds.
  path: Assets/Textures/Sprites/Character/Character_RollUpLeft.png
  artifactKey: Guid(fd1ef9f6d70c27445b23f68f50e9c96f) Importer(815301076,1909f56bfc062723c751e8b465ee728b)
Start importing Assets/Textures/Sprites/Character/Character_RollUpLeft.png using Guid(fd1ef9f6d70c27445b23f68f50e9c96f) Importer(815301076,1909f56bfc062723c751e8b465ee728b)  -> (artifact id: '165b0faee8f48356689543db8419b4b2') in 0.022534 seconds 
========================================================================
Received Import Request.
  Time since last request: 0.015788 seconds.
  path: Assets/Textures/Sprites/Character/Character_RollUpRight.png
  artifactKey: Guid(a939d64cfaaf8c642b9565d40fe594d5) Importer(815301076,1909f56bfc062723c751e8b465ee728b)
Start importing Assets/Textures/Sprites/Character/Character_RollUpRight.png using Guid(a939d64cfaaf8c642b9565d40fe594d5) Importer(815301076,1909f56bfc062723c751e8b465ee728b)  -> (artifact id: 'b398cabc6137b9629508b1cb4d47922d') in 0.020786 seconds 
========================================================================
Received Import Request.
  Time since last request: 0.017812 seconds.
  path: Assets/Textures/Sprites/Character/Character_SlashDownLeft.png
  artifactKey: Guid(5c2c993bc17cf83429fd50bd7a0ffa46) Importer(815301076,1909f56bfc062723c751e8b465ee728b)
Start importing Assets/Textures/Sprites/Character/Character_SlashDownLeft.png using Guid(5c2c993bc17cf83429fd50bd7a0ffa46) Importer(815301076,1909f56bfc062723c751e8b465ee728b)  -> (artifact id: '54af03b9fc0cbaa8c33c46a660886bda') in 0.026262 seconds 
========================================================================
Received Import Request.
  Time since last request: 0.263158 seconds.
  path: Assets/Textures/Sprites/Character/Character_SlashDownRight.png
  artifactKey: Guid(f70bdcf1ab3bced4d80a8a12bc89034d) Importer(815301076,1909f56bfc062723c751e8b465ee728b)
Start importing Assets/Textures/Sprites/Character/Character_SlashDownRight.png using Guid(f70bdcf1ab3bced4d80a8a12bc89034d) Importer(815301076,1909f56bfc062723c751e8b465ee728b)  -> (artifact id: 'f3447a4309b57fb739fd966711bc1f88') in 0.025083 seconds 
========================================================================
Received Import Request.
  Time since last request: 0.339947 seconds.
  path: Assets/Textures/Sprites/Character/Character_SlashUpLeft.png
  artifactKey: Guid(6a143bec535215c4aabbc37497c3c670) Importer(815301076,1909f56bfc062723c751e8b465ee728b)
Start importing Assets/Textures/Sprites/Character/Character_SlashUpLeft.png using Guid(6a143bec535215c4aabbc37497c3c670) Importer(815301076,1909f56bfc062723c751e8b465ee728b)  -> (artifact id: 'ad34610a61bb71b94138991ed77e3a9e') in 0.024791 seconds 
========================================================================
Received Import Request.
  Time since last request: 0.038983 seconds.
  path: Assets/Textures/Sprites/Character/Character_SlashUpRight.png
  artifactKey: Guid(30e6fac9aa695b04ca4eb30e180fcded) Importer(815301076,1909f56bfc062723c751e8b465ee728b)
Start importing Assets/Textures/Sprites/Character/Character_SlashUpRight.png using Guid(30e6fac9aa695b04ca4eb30e180fcded) Importer(815301076,1909f56bfc062723c751e8b465ee728b)  -> (artifact id: 'e2ec279a09fe477962c23e1b9fafd886') in 0.025529 seconds 
========================================================================
Received Import Request.
  Time since last request: 0.313287 seconds.
  path: Assets/Textures/Sprites/Character/Character_Up.png
  artifactKey: Guid(a14b1a95f1c8c944bbd32668b25e2244) Importer(815301076,1909f56bfc062723c751e8b465ee728b)
Start importing Assets/Textures/Sprites/Character/Character_Up.png using Guid(a14b1a95f1c8c944bbd32668b25e2244) Importer(815301076,1909f56bfc062723c751e8b465ee728b)  -> (artifact id: 'e37b90ab5929456e5e010cb40c8ded1e') in 0.022203 seconds 
========================================================================
Received Import Request.
  Time since last request: 0.008981 seconds.
  path: Assets/Textures/Sprites/Character/Character_UpLeft.png
  artifactKey: Guid(44b7938882fac814ea1270511b1eacf4) Importer(815301076,1909f56bfc062723c751e8b465ee728b)
Start importing Assets/Textures/Sprites/Character/Character_UpLeft.png using Guid(44b7938882fac814ea1270511b1eacf4) Importer(815301076,1909f56bfc062723c751e8b465ee728b)  -> (artifact id: 'd050d82f610f5e4cf4ee5cdbd3e93502') in 0.022544 seconds 
========================================================================
Received Import Request.
  Time since last request: 0.330593 seconds.
  path: Assets/Textures/Sprites/Character/Character_UpRight.png
  artifactKey: Guid(f51303a8c02a3674cacab79bc233ee5b) Importer(815301076,1909f56bfc062723c751e8b465ee728b)
Start importing Assets/Textures/Sprites/Character/Character_UpRight.png using Guid(f51303a8c02a3674cacab79bc233ee5b) Importer(815301076,1909f56bfc062723c751e8b465ee728b)  -> (artifact id: 'ab64e95e3af3f7447b1bf8fbdde63455') in 0.022425 seconds 
========================================================================
Received Import Request.
  Time since last request: 0.010139 seconds.
  path: Assets/Textures/UI/CircleButton.png
  artifactKey: Guid(648377fc057c05142bdeb9bc1778d36e) Importer(815301076,1909f56bfc062723c751e8b465ee728b)
Start importing Assets/Textures/UI/CircleButton.png using Guid(648377fc057c05142bdeb9bc1778d36e) Importer(815301076,1909f56bfc062723c751e8b465ee728b)  -> (artifact id: 'de920f2a6187b60a3bbae627b28aa191') in 0.017440 seconds 
========================================================================
Received Import Request.
  Time since last request: 1.811884 seconds.
  path: Assets/Textures/FX/Fireball/FB500-1.png
  artifactKey: Guid(4e3ba38357063a64c98c070969c1a652) Importer(815301076,1909f56bfc062723c751e8b465ee728b)
Start importing Assets/Textures/FX/Fireball/FB500-1.png using Guid(4e3ba38357063a64c98c070969c1a652) Importer(815301076,1909f56bfc062723c751e8b465ee728b)  -> (artifact id: 'b92e9b6c53198b87257181019938fd3b') in 0.027398 seconds 
========================================================================
Received Import Request.
  Time since last request: 0.293695 seconds.
  path: Assets/Textures/FX/Fireball/FB500-2.png
  artifactKey: Guid(238934630798c584fb34f325e9812716) Importer(815301076,1909f56bfc062723c751e8b465ee728b)
Start importing Assets/Textures/FX/Fireball/FB500-2.png using Guid(238934630798c584fb34f325e9812716) Importer(815301076,1909f56bfc062723c751e8b465ee728b)  -> (artifact id: '53240903e10f445d8cb23d7f8ad3f702') in 0.026072 seconds 
========================================================================
Received Import Request.
  Time since last request: 0.022756 seconds.
  path: Assets/Textures/UI/SquareButton.png
  artifactKey: Guid(1ab6869c582a52e4a9d0828988925def) Importer(815301076,1909f56bfc062723c751e8b465ee728b)
Start importing Assets/Textures/UI/SquareButton.png using Guid(1ab6869c582a52e4a9d0828988925def) Importer(815301076,1909f56bfc062723c751e8b465ee728b)  -> (artifact id: '916a7446070f823261e5347198fc7968') in 0.027556 seconds 
========================================================================
Received Import Request.
  Time since last request: 0.000027 seconds.
  path: Assets/Textures/FX/T_Bubble.png
  artifactKey: Guid(7d35b09e084785341993d6975af81a0e) Importer(815301076,1909f56bfc062723c751e8b465ee728b)
Start importing Assets/Textures/FX/T_Bubble.png using Guid(7d35b09e084785341993d6975af81a0e) Importer(815301076,1909f56bfc062723c751e8b465ee728b)  -> (artifact id: '9a0f58db94aca9eda2b7d353bb4fb0b3') in 0.028102 seconds 
========================================================================
Received Import Request.
  Time since last request: 0.000023 seconds.
  path: Assets/Textures/FX/T_CircleGlow.png
  artifactKey: Guid(9758ff504afc7f6458239065b86662bb) Importer(815301076,1909f56bfc062723c751e8b465ee728b)
Start importing Assets/Textures/FX/T_CircleGlow.png using Guid(9758ff504afc7f6458239065b86662bb) Importer(815301076,1909f56bfc062723c751e8b465ee728b)  -> (artifact id: '19d4895414575ae829f04b86ad6cffa4') in 0.021419 seconds 
========================================================================
Received Import Request.
  Time since last request: 0.251221 seconds.
  path: Assets/Textures/FX/T_Cone.png
  artifactKey: Guid(b3b79baff7d37f4478445c767ef06ec8) Importer(815301076,1909f56bfc062723c751e8b465ee728b)
Start importing Assets/Textures/FX/T_Cone.png using Guid(b3b79baff7d37f4478445c767ef06ec8) Importer(815301076,1909f56bfc062723c751e8b465ee728b)  -> (artifact id: 'e985a512b7aa9e307809fbe2374f6cd3') in 0.026159 seconds 
========================================================================
Received Import Request.
  Time since last request: 0.021332 seconds.
  path: Assets/Textures/FX/T_Diamond Outline.png
  artifactKey: Guid(cbec70ea824769048850872cdd6aed4f) Importer(815301076,1909f56bfc062723c751e8b465ee728b)
Start importing Assets/Textures/FX/T_Diamond Outline.png using Guid(cbec70ea824769048850872cdd6aed4f) Importer(815301076,1909f56bfc062723c751e8b465ee728b)  -> (artifact id: '4095833b6ccb2cde0f398052efbf75f6') in 0.018560 seconds 
========================================================================
Received Import Request.
  Time since last request: 0.272750 seconds.
  path: Assets/Textures/FX/T_FireSoft.png
  artifactKey: Guid(0771517fb0eca504d8d6703c61a8abde) Importer(815301076,1909f56bfc062723c751e8b465ee728b)
Start importing Assets/Textures/FX/T_FireSoft.png using Guid(0771517fb0eca504d8d6703c61a8abde) Importer(815301076,1909f56bfc062723c751e8b465ee728b)  -> (artifact id: 'e3dbabf9b07785b144e77d57c9b10cf0') in 0.022887 seconds 
========================================================================
Received Import Request.
  Time since last request: 0.048722 seconds.
  path: Assets/Textures/FX/T_GradientRamp.tga
  artifactKey: Guid(68021ccca2052d745ae735491bbed135) Importer(815301076,1909f56bfc062723c751e8b465ee728b)
Start importing Assets/Textures/FX/T_GradientRamp.tga using Guid(68021ccca2052d745ae735491bbed135) Importer(815301076,1909f56bfc062723c751e8b465ee728b)  -> (artifact id: '30d1eac05ea64f1db79e3318fe5a9e54') in 0.064317 seconds 
========================================================================
Received Import Request.
  Time since last request: 0.465552 seconds.
  path: Assets/Textures/FX/T_GradientRot.tga
  artifactKey: Guid(2bc5d6079ec90e84082e285ece8e7e29) Importer(815301076,1909f56bfc062723c751e8b465ee728b)
Start importing Assets/Textures/FX/T_GradientRot.tga using Guid(2bc5d6079ec90e84082e285ece8e7e29) Importer(815301076,1909f56bfc062723c751e8b465ee728b)  -> (artifact id: '7dd8de49b040115fc08047bbeb3b0511') in 0.212937 seconds 
========================================================================
Received Import Request.
  Time since last request: 0.162741 seconds.
  path: Assets/Textures/FX/T_Rays.tga
  artifactKey: Guid(6d9c5bade7dc62e4dbf0653547e78e75) Importer(815301076,1909f56bfc062723c751e8b465ee728b)
Start importing Assets/Textures/FX/T_Rays.tga using Guid(6d9c5bade7dc62e4dbf0653547e78e75) Importer(815301076,1909f56bfc062723c751e8b465ee728b)  -> (artifact id: 'e78103ef22d2558412961edacdcf1e7a') in 0.057683 seconds 
========================================================================
Received Import Request.
  Time since last request: 0.026682 seconds.
  path: Assets/Textures/FX/T_Sqaure.png
  artifactKey: Guid(48786454efa14444ab0dbc6b57c3b82e) Importer(815301076,1909f56bfc062723c751e8b465ee728b)
Start importing Assets/Textures/FX/T_Sqaure.png using Guid(48786454efa14444ab0dbc6b57c3b82e) Importer(815301076,1909f56bfc062723c751e8b465ee728b)  -> (artifact id: '2db1e84db47bb371201e310f617089be') in 0.030062 seconds 
========================================================================
Received Import Request.
  Time since last request: 0.379668 seconds.
  path: Assets/Textures/FX/T_WaterDrop.png
  artifactKey: Guid(da0370a080960fc41a67e1ef84e38471) Importer(815301076,1909f56bfc062723c751e8b465ee728b)
Start importing Assets/Textures/FX/T_WaterDrop.png using Guid(da0370a080960fc41a67e1ef84e38471) Importer(815301076,1909f56bfc062723c751e8b465ee728b)  -> (artifact id: '8e9a2d930004a19b9a3a37d226bdbb4b') in 0.044092 seconds 
========================================================================
Received Import Request.
  Time since last request: 30.022863 seconds.
  path: Assets/TileSets/TileSet_FoliageTiles.png
  artifactKey: Guid(a414057c76af24549aac1f88506a2961) Importer(815301076,1909f56bfc062723c751e8b465ee728b)
Start importing Assets/TileSets/TileSet_FoliageTiles.png using Guid(a414057c76af24549aac1f88506a2961) Importer(815301076,1909f56bfc062723c751e8b465ee728b)  -> (artifact id: '4410097cada3b0b25b6efa5e4cf2bf6f') in 0.441167 seconds 
========================================================================
Received Import Request.
  Time since last request: 0.008486 seconds.
  path: Assets/TileSets/TileSet_GroundTiles.png
  artifactKey: Guid(06d28bd3466c3f64aa865a689b75fa66) Importer(815301076,1909f56bfc062723c751e8b465ee728b)
Start importing Assets/TileSets/TileSet_GroundTiles.png using Guid(06d28bd3466c3f64aa865a689b75fa66) Importer(815301076,1909f56bfc062723c751e8b465ee728b)  -> (artifact id: '0e7b53dfe5683efe05790c5a2957b900') in 0.848651 seconds 
========================================================================
Received Import Request.
  Time since last request: 0.158017 seconds.
  path: Assets/TileSets/TileSet_StairsTiles.png
  artifactKey: Guid(04cf095a86e7a544e8e0188cea2b4b25) Importer(815301076,1909f56bfc062723c751e8b465ee728b)
Start importing Assets/TileSets/TileSet_StairsTiles.png using Guid(04cf095a86e7a544e8e0188cea2b4b25) Importer(815301076,1909f56bfc062723c751e8b465ee728b)  -> (artifact id: 'd5e7261f4ed3e27a7b5f96f445192e69') in 0.520296 seconds 
========================================================================
Received Import Request.
  Time since last request: 1.071986 seconds.
  path: Assets/Textures/UI/TriangleButton.png
  artifactKey: Guid(4fe185a87a9e21b4a8a642ff0be1902b) Importer(815301076,1909f56bfc062723c751e8b465ee728b)
Start importing Assets/Textures/UI/TriangleButton.png using Guid(4fe185a87a9e21b4a8a642ff0be1902b) Importer(815301076,1909f56bfc062723c751e8b465ee728b)  -> (artifact id: '0ae1822775cef6cc57c33a59e9c804ab') in 0.016729 seconds 
========================================================================
Received Import Request.
  Time since last request: 0.000032 seconds.
  path: Assets/Textures/UI/XButton.png
  artifactKey: Guid(f0519ad1c6a6b144a81b03b5d0dfb52c) Importer(815301076,1909f56bfc062723c751e8b465ee728b)
Start importing Assets/Textures/UI/XButton.png using Guid(f0519ad1c6a6b144a81b03b5d0dfb52c) Importer(815301076,1909f56bfc062723c751e8b465ee728b)  -> (artifact id: 'ebf880cf77422635d8b23d3a8877beb3') in 0.017554 seconds 
Editor requested this worker to shutdown with reason: Scaling down because of idle timeout
AssetImportWorker is now disconnected from the server
Process exiting
Exiting without the bug reporter. Application will terminate with return code 0